<?xml version="1.0" encoding="UTF-8"?>
<testng-results ignored="0" total="2" passed="2" failed="0" skipped="0">
  <reporter-output>
  </reporter-output>
  <suite started-at="2023-07-02T13:12:44 IST" name="Default suite" finished-at="2023-07-02T13:13:11 IST" duration-ms="26362">
    <groups>
    </groups>
    <test started-at="2023-07-02T13:12:44 IST" name="Default test" finished-at="2023-07-02T13:13:11 IST" duration-ms="26362">
      <class name="test.Letskodeittest">
        <test-method is-config="true" signature="setup()[pri:0, instance:test.Letskodeittest@534a5a98]" started-at="2023-07-02T13:12:44 IST" name="setup" finished-at="2023-07-02T13:12:50 IST" duration-ms="5545" status="PASS">
          <reporter-output>
          </reporter-output>
        </test-method> <!-- setup -->
        <test-method signature="home()[pri:0, instance:test.Letskodeittest@534a5a98]" started-at="2023-07-02T13:12:50 IST" name="home" finished-at="2023-07-02T13:13:10 IST" duration-ms="20506" status="PASS">
          <reporter-output>
          </reporter-output>
        </test-method> <!-- home -->
        <test-method signature="test1()[pri:0, instance:test.Letskodeittest@534a5a98]" started-at="2023-07-02T13:13:10 IST" name="test1" finished-at="2023-07-02T13:13:11 IST" duration-ms="262" status="PASS">
          <reporter-output>
          </reporter-output>
        </test-method> <!-- test1 -->
      </class> <!-- test.Letskodeittest -->
    </test> <!-- Default test -->
  </suite> <!-- Default suite -->
</testng-results>
